2022-08-04 09:49:37.966  INFO 17392 --- [restartedMain] com.ssafy.BackEndApplication             : Starting BackEndApplication using Java 1.8.0_192 on NewYoo with PID 17392 (C:\Users\xogh0\OneDrive\Desktop\[BE]\S07P12A402\BackEnd\bin\main started by xogh0 in C:\Users\xogh0\OneDrive\Desktop\[BE]\S07P12A402\BackEnd)
2022-08-04 09:49:37.968  INFO 17392 --- [restartedMain] com.ssafy.BackEndApplication             : No active profile set, falling back to default profiles: default
2022-08-04 09:49:38.006  INFO 17392 --- [restartedMain] .e.DevToolsPropertyDefaultsPostProcessor : Devtools property defaults active! Set 'spring.devtools.add-properties' to 'false' to disable
2022-08-04 09:49:38.006  INFO 17392 --- [restartedMain] .e.DevToolsPropertyDefaultsPostProcessor : For additional web related logging consider setting the 'logging.level.web' property to 'DEBUG'
2022-08-04 09:49:39.028  INFO 17392 --- [restartedMain] .s.d.r.c.RepositoryConfigurationDelegate : Bootstrapping Spring Data JPA repositories in DEFAULT mode.
2022-08-04 09:49:39.102  INFO 17392 --- [restartedMain] .s.d.r.c.RepositoryConfigurationDelegate : Finished Spring Data repository scanning in 67 ms. Found 5 JPA repository interfaces.
2022-08-04 09:49:39.380  INFO 17392 --- [restartedMain] trationDelegate$BeanPostProcessorChecker : Bean 'org.springframework.security.access.expression.method.DefaultMethodSecurityExpressionHandler@44a910bc' of type [org.springframework.security.access.expression.method.DefaultMethodSecurityExpressionHandler] is not eligible for getting processed by all BeanPostProcessors (for example: not eligible for auto-proxying)
2022-08-04 09:49:39.384  INFO 17392 --- [restartedMain] trationDelegate$BeanPostProcessorChecker : Bean 'methodSecurityMetadataSource' of type [org.springframework.security.access.method.DelegatingMethodSecurityMetadataSource] is not eligible for getting processed by all BeanPostProcessors (for example: not eligible for auto-proxying)
2022-08-04 09:49:39.619  INFO 17392 --- [restartedMain] o.s.b.w.embedded.tomcat.TomcatWebServer  : Tomcat initialized with port(s): 8080 (http)
2022-08-04 09:49:39.626  INFO 17392 --- [restartedMain] o.apache.catalina.core.StandardService   : Starting service [Tomcat]
2022-08-04 09:49:39.626  INFO 17392 --- [restartedMain] org.apache.catalina.core.StandardEngine  : Starting Servlet engine: [Apache Tomcat/9.0.45]
2022-08-04 09:49:39.728  INFO 17392 --- [restartedMain] o.a.c.c.C.[Tomcat].[localhost].[/blink]  : Initializing Spring embedded WebApplicationContext
2022-08-04 09:49:39.729  INFO 17392 --- [restartedMain] w.s.c.ServletWebServerApplicationContext : Root WebApplicationContext: initialization completed in 1721 ms
2022-08-04 09:49:39.855 DEBUG 17392 --- [restartedMain] o.s.w.f.CommonsRequestLoggingFilter      : Filter 'commonsRequestLoggingFilter' configured for use
2022-08-04 09:49:39.984  INFO 17392 --- [restartedMain] o.hibernate.jpa.internal.util.LogHelper  : HHH000204: Processing PersistenceUnitInfo [name: default]
2022-08-04 09:49:40.072  INFO 17392 --- [restartedMain] org.hibernate.Version                    : HHH000412: Hibernate ORM core version 5.4.30.Final
2022-08-04 09:49:40.195  INFO 17392 --- [restartedMain] o.hibernate.annotations.common.Version   : HCANN000001: Hibernate Commons Annotations {5.1.2.Final}
2022-08-04 09:49:40.283  INFO 17392 --- [restartedMain] com.zaxxer.hikari.HikariDataSource       : HikariPool-1 - Starting...
2022-08-04 09:49:40.455  INFO 17392 --- [restartedMain] com.zaxxer.hikari.HikariDataSource       : HikariPool-1 - Start completed.
2022-08-04 09:49:40.466  INFO 17392 --- [restartedMain] org.hibernate.dialect.Dialect            : HHH000400: Using dialect: org.hibernate.dialect.MySQL57Dialect
2022-08-04 09:49:41.146  INFO 17392 --- [restartedMain] o.h.e.t.j.p.i.JtaPlatformInitiator       : HHH000490: Using JtaPlatform implementation: [org.hibernate.engine.transaction.jta.platform.internal.NoJtaPlatform]
2022-08-04 09:49:41.157  INFO 17392 --- [restartedMain] j.LocalContainerEntityManagerFactoryBean : Initialized JPA EntityManagerFactory for persistence unit 'default'
2022-08-04 09:49:41.473  WARN 17392 --- [restartedMain] JpaBaseConfiguration$JpaWebConfiguration : spring.jpa.open-in-view is enabled by default. Therefore, database queries may be performed during view rendering. Explicitly configure spring.jpa.open-in-view to disable this warning
2022-08-04 09:49:41.790 DEBUG 17392 --- [restartedMain] s.w.s.m.m.a.RequestMappingHandlerMapping : 14 mappings in 'requestMappingHandlerMapping'
2022-08-04 09:49:41.879  INFO 17392 --- [restartedMain] o.s.b.a.e.web.EndpointLinksResolver      : Exposing 2 endpoint(s) beneath base path '/actuator'
2022-08-04 09:49:42.026  INFO 17392 --- [restartedMain] o.s.s.web.DefaultSecurityFilterChain     : Will secure any request with [org.springframework.security.web.context.request.async.WebAsyncManagerIntegrationFilter@5ddb862b, org.springframework.security.web.context.SecurityContextPersistenceFilter@64a1b300, org.springframework.security.web.header.HeaderWriterFilter@7b4fb539, org.springframework.web.filter.CorsFilter@acb4d48, org.springframework.security.web.authentication.logout.LogoutFilter@1f97aa39, com.ssafy.common.auth.JwtAuthenticationFilter@45364270, org.springframework.security.web.savedrequest.RequestCacheAwareFilter@10031ad, org.springframework.security.web.servletapi.SecurityContextHolderAwareRequestFilter@431eb9a, org.springframework.security.web.authentication.AnonymousAuthenticationFilter@14f1679c, org.springframework.security.web.session.SessionManagementFilter@92a283d, org.springframework.security.web.access.ExceptionTranslationFilter@68d5b09d, org.springframework.security.web.access.intercept.FilterSecurityInterceptor@71b018c3]
2022-08-04 09:49:42.259  INFO 17392 --- [restartedMain] o.s.s.concurrent.ThreadPoolTaskExecutor  : Initializing ExecutorService 'applicationTaskExecutor'
2022-08-04 09:49:42.290  INFO 17392 --- [restartedMain] o.s.b.d.a.OptionalLiveReloadServer       : LiveReload server is running on port 35729
2022-08-04 09:49:42.294 DEBUG 17392 --- [restartedMain] s.w.s.m.m.a.RequestMappingHandlerAdapter : ControllerAdvice beans: 0 @ModelAttribute, 0 @InitBinder, 1 RequestBodyAdvice, 1 ResponseBodyAdvice
2022-08-04 09:49:42.325 DEBUG 17392 --- [restartedMain] o.s.w.s.handler.SimpleUrlHandlerMapping  : Patterns [/swagger-ui/] in 'viewControllerHandlerMapping'
2022-08-04 09:49:42.340 DEBUG 17392 --- [restartedMain] o.s.w.s.c.annotation.WebMvcConfigurer    : Default resource handling disabled
